============================================================
  Generated by:           Genus(TM) Synthesis Solution 17.13-s033_1
  Generated on:           Sep 08 2019  11:21:40 pm
  Module:                 mtm_Alu
    Operating conditions: worst 
  Interconnect mode:      global
  Area mode:              physical library
============================================================

                                                       Library 
      Gate       Instances    Area         Library      Domain 
---------------------------------------------------------------
UCL_AND2                41    850.176    SUSLIB_UCL_SS   WC_tc 
UCL_AOI21              164   2720.563    SUSLIB_UCL_SS   WC_tc 
UCL_AOI22_2             99   2052.864    SUSLIB_UCL_SS   WC_tc 
UCL_AON2B_2            157   3255.552    SUSLIB_UCL_SS   WC_tc 
UCL_BUF                 20    497.664    SUSLIB_UCL_SS   WC_tc 
UCL_BUF8_2              21   1916.006    SUSLIB_UCL_SS   WC_tc 
UCL_CGI2                32    796.262    SUSLIB_UCL_SS   WC_tc 
UCL_DFF                266  22063.104    SUSLIB_UCL_SS   WC_tc 
UCL_DFF_RES              1     99.533    SUSLIB_UCL_SS   WC_tc 
UCL_FA                  57   3782.246    SUSLIB_UCL_SS   WC_tc 
UCL_INV2               163   2027.981    SUSLIB_UCL_SS   WC_tc 
UCL_INV4                45   1492.992    SUSLIB_UCL_SS   WC_tc 
UCL_MUX2                54   1343.693    SUSLIB_UCL_SS   WC_tc 
UCL_MUX2A                8    232.243    SUSLIB_UCL_SS   WC_tc 
UCL_MUX2B                3     87.091    SUSLIB_UCL_SS   WC_tc 
UCL_NAND2               25    311.040    SUSLIB_UCL_SS   WC_tc 
UCL_NAND2A              74   1227.571    SUSLIB_UCL_SS   WC_tc 
UCL_NAND2_2              9    186.624    SUSLIB_UCL_SS   WC_tc 
UCL_NAND2_WIDEN         84   1045.094    SUSLIB_UCL_SS   WC_tc 
UCL_NAND3               82   1360.282    SUSLIB_UCL_SS   WC_tc 
UCL_NOR2               101   1256.602    SUSLIB_UCL_SS   WC_tc 
UCL_NOR2_2               6    124.416    SUSLIB_UCL_SS   WC_tc 
UCL_NOR3                40    663.552    SUSLIB_UCL_SS   WC_tc 
UCL_OAI21               43    713.318    SUSLIB_UCL_SS   WC_tc 
UCL_OAI22               13    269.568    SUSLIB_UCL_SS   WC_tc 
UCL_OR2                 41    850.176    SUSLIB_UCL_SS   WC_tc 
UCL_XOR                210   7838.208    SUSLIB_UCL_SS   WC_tc 
---------------------------------------------------------------
total                 1859  59064.422                  


                                          
     Type      Instances    Area   Area % 
------------------------------------------
sequential           267 22162.637   37.5 
inverter             208  3520.973    6.0 
buffer                41  2413.670    4.1 
logic               1343 30967.142   52.4 
physical_cells         0     0.000    0.0 
------------------------------------------
total               1859 59064.422  100.0 

