============================================================
  Generated by:           Genus(TM) Synthesis Solution 17.13-s033_1
  Generated on:           Sep 08 2019  11:21:40 pm
  Module:                 mtm_Alu
  Library domain:         WC_tc
    Domain index:         0
    Technology library:   SUSLIB_UCL_SS 
    Operating conditions: worst 
  Interconnect mode:      global
  Area mode:              physical library
============================================================

Timing
--------

 Mode Clock  Period 
--------------------
WC_av clk   21000.0 


        Cost   Critical       Violating 
 Mode  Group  Path Slack TNS    Paths   
----------------------------------------
WC_av     clk     1188.2 0.0          0 
      default   No paths 0.0          0 
----------------------------------------
Total                    0.0          0 
                                        

Instance Count
--------------
Leaf Instance Count             1859 
Physical Instance count            0 
Sequential Instance Count        267 
Combinational Instance Count    1592 
Hierarchical Instance Count        6 

Area
----
Cell Area                          59064.422
Physical Cell Area                 0.000
Total Cell Area (Cell+Physical)    59064.422
Net Area                           25757.208
Total Area (Cell+Physical+Net)     84821.630

Max Fanout                         267 (clk)
Min Fanout                         1 (u_mtm_Alu_core/add_58_19/n_2)
Average Fanout                     2.3
Terms to net ratio                 3.3960
Terms to instance ratio            3.5056
Runtime                            24.990786 seconds
Elapsed Runtime                    26 seconds
Genus peak memory usage            682.34 
Innovus peak memory usage          no_value 
Hostname                           localhost
